<?xml version="1.0" encoding="UTF-8"?>
<!-- Generated by org.testng.reporters.JUnitReportReporter -->
<testsuite hostname="DESKTOP-BNR5QQK" failures="0" tests="1" name="FlipcartTestClass.LoginFunctionalityTest" time="0.013" errors="0" timestamp="2022-05-26T23:06:46 IST" skipped="0">
  <testcase classname="FlipcartTestClass.LoginFunctionalityTest" name="method" time="0.013"/>
  <system-out/>
</testsuite> <!-- FlipcartTestClass.LoginFunctionalityTest -->
