<?xml version="1.0" encoding="UTF-8"?>
<!-- Generated by org.testng.reporters.JUnitReportReporter -->
<testsuite hostname="DESKTOP-BNR5QQK" failures="0" tests="1" name="FlipkartTestClass.TC01VerifiyValidUserNameAndPassword" time="7.136" errors="0" timestamp="2022-05-27T11:05:48 IST" skipped="0">
  <testcase classname="FlipkartTestClass.TC01VerifiyValidUserNameAndPassword" name="loginfunctionality" time="7.136"/>
  <system-out/>
</testsuite> <!-- FlipkartTestClass.TC01VerifiyValidUserNameAndPassword -->
