<?xml version="1.0" encoding="UTF-8"?>
<!-- Generated by org.testng.reporters.JUnitReportReporter -->
<testsuite hostname="DESKTOP-BNR5QQK" failures="0" tests="1" name="FlipkartTestClass.LoginFunctionalityTest" time="0.014" errors="0" timestamp="2022-05-26T23:38:25 IST" skipped="0">
  <testcase classname="FlipkartTestClass.LoginFunctionalityTest" name="method2" time="0.014"/>
  <system-out/>
</testsuite> <!-- FlipkartTestClass.LoginFunctionalityTest -->
